0 info it worked if it ends with ok
1 verbose cli [ '/usr/local/bin/node',
1 verbose cli   '/usr/local/bin/npm',
1 verbose cli   'install',
1 verbose cli   '-g',
1 verbose cli   'express' ]
2 info using npm@2.14.12
3 info using node@v4.2.6
4 verbose install initial load of /usr/local/lib/package.json
5 verbose readDependencies loading dependencies from /usr/local/lib/package.json
6 silly cache add args [ 'express', null ]
7 verbose cache add spec express
8 silly cache add parsed spec Result {
8 silly cache add   raw: 'express',
8 silly cache add   scope: null,
8 silly cache add   name: 'express',
8 silly cache add   rawSpec: '',
8 silly cache add   spec: 'latest',
8 silly cache add   type: 'tag' }
9 silly addNamed express@latest
10 verbose addNamed "latest" is being treated as a dist-tag for express
11 info addNameTag [ 'express', 'latest' ]
12 silly mapToRegistry name express
13 silly mapToRegistry using default registry
14 silly mapToRegistry registry https://registry.npm.taobao.org/
15 silly mapToRegistry uri https://registry.npm.taobao.org/express
16 verbose addNameTag registry:https://registry.npm.taobao.org/express not in flight; fetching
17 verbose request uri https://registry.npm.taobao.org/express
18 verbose request no auth needed
19 info attempt registry request try #1 at 21:35:29
20 verbose request id dc28231fecb4e984
21 verbose etag "807b1-oEEw2Pd/8TZL54n2Y1FxNA"
22 http request GET https://registry.npm.taobao.org/express
23 http 200 https://registry.npm.taobao.org/express
24 verbose headers { date: 'Mon, 25 Apr 2016 13:35:33 GMT',
24 verbose headers   'content-type': 'application/json; charset=utf-8',
24 verbose headers   'content-length': '580936',
24 verbose headers   connection: 'keep-alive',
24 verbose headers   etag: '"8dd48-73Ybw4lwT4CZLlQn/dzb0A"',
24 verbose headers   'x-readtime': '438' }
25 silly get cb [ 200,
25 silly get   { date: 'Mon, 25 Apr 2016 13:35:33 GMT',
25 silly get     'content-type': 'application/json; charset=utf-8',
25 silly get     'content-length': '580936',
25 silly get     connection: 'keep-alive',
25 silly get     etag: '"8dd48-73Ybw4lwT4CZLlQn/dzb0A"',
25 silly get     'x-readtime': '438' } ]
26 verbose get saving express to /Users/mac/.npm/registry.npm.taobao.org/express/.cache.json
27 silly addNameTag next cb for express with tag latest
28 silly addNamed express@4.13.4
29 verbose addNamed "4.13.4" is a plain semver version for express
30 silly cache afterAdd express@4.13.4
31 verbose afterAdd /Users/mac/.npm/express/4.13.4/package/package.json not in flight; writing
32 verbose afterAdd /Users/mac/.npm/express/4.13.4/package/package.json written
33 silly install resolved [ { name: 'express',
33 silly install resolved     description: 'Fast, unopinionated, minimalist web framework',
33 silly install resolved     version: '4.13.4',
33 silly install resolved     author: { name: 'TJ Holowaychuk', email: 'tj@vision-media.ca' },
33 silly install resolved     contributors:
33 silly install resolved      [ [Object],
33 silly install resolved        [Object],
33 silly install resolved        [Object],
33 silly install resolved        [Object],
33 silly install resolved        [Object],
33 silly install resolved        [Object],
33 silly install resolved        [Object] ],
33 silly install resolved     license: 'MIT',
33 silly install resolved     repository:
33 silly install resolved      { type: 'git',
33 silly install resolved        url: 'git+https://github.com/expressjs/express.git' },
33 silly install resolved     keywords:
33 silly install resolved      [ 'express',
33 silly install resolved        'framework',
33 silly install resolved        'sinatra',
33 silly install resolved        'web',
33 silly install resolved        'rest',
33 silly install resolved        'restful',
33 silly install resolved        'router',
33 silly install resolved        'app',
33 silly install resolved        'api' ],
33 silly install resolved     dependencies:
33 silly install resolved      { accepts: '~1.2.12',
33 silly install resolved        'array-flatten': '1.1.1',
33 silly install resolved        'content-disposition': '0.5.1',
33 silly install resolved        'content-type': '~1.0.1',
33 silly install resolved        cookie: '0.1.5',
33 silly install resolved        'cookie-signature': '1.0.6',
33 silly install resolved        debug: '~2.2.0',
33 silly install resolved        depd: '~1.1.0',
33 silly install resolved        'escape-html': '~1.0.3',
33 silly install resolved        etag: '~1.7.0',
33 silly install resolved        finalhandler: '0.4.1',
33 silly install resolved        fresh: '0.3.0',
33 silly install resolved        'merge-descriptors': '1.0.1',
33 silly install resolved        methods: '~1.1.2',
33 silly install resolved        'on-finished': '~2.3.0',
33 silly install resolved        parseurl: '~1.3.1',
33 silly install resolved        'path-to-regexp': '0.1.7',
33 silly install resolved        'proxy-addr': '~1.0.10',
33 silly install resolved        qs: '4.0.0',
33 silly install resolved        'range-parser': '~1.0.3',
33 silly install resolved        send: '0.13.1',
33 silly install resolved        'serve-static': '~1.10.2',
33 silly install resolved        'type-is': '~1.6.6',
33 silly install resolved        'utils-merge': '1.0.0',
33 silly install resolved        vary: '~1.0.1' },
33 silly install resolved     devDependencies:
33 silly install resolved      { after: '0.8.1',
33 silly install resolved        ejs: '2.3.4',
33 silly install resolved        istanbul: '0.4.2',
33 silly install resolved        marked: '0.3.5',
33 silly install resolved        mocha: '2.3.4',
33 silly install resolved        should: '7.1.1',
33 silly install resolved        supertest: '1.1.0',
33 silly install resolved        'body-parser': '~1.14.2',
33 silly install resolved        'connect-redis': '~2.4.1',
33 silly install resolved        'cookie-parser': '~1.4.1',
33 silly install resolved        'cookie-session': '~1.2.0',
33 silly install resolved        'express-session': '~1.13.0',
33 silly install resolved        jade: '~1.11.0',
33 silly install resolved        'method-override': '~2.3.5',
33 silly install resolved        morgan: '~1.6.1',
33 silly install resolved        multiparty: '~4.1.2',
33 silly install resolved        vhost: '~3.0.1' },
33 silly install resolved     engines: { node: '>= 0.10.0' },
33 silly install resolved     files: [ 'LICENSE', 'History.md', 'Readme.md', 'index.js', 'lib/' ],
33 silly install resolved     scripts:
33 silly install resolved      { test: 'mocha --require test/support/env --reporter spec --bail --check-leaks test/ test/acceptance/',
33 silly install resolved        'test-ci': 'istanbul cover node_modules/mocha/bin/_mocha --report lcovonly -- --require test/support/env --reporter spec --check-leaks test/ test/acceptance/',
33 silly install resolved        'test-cov': 'istanbul cover node_modules/mocha/bin/_mocha -- --require test/support/env --reporter dot --check-leaks test/ test/acceptance/',
33 silly install resolved        'test-tap': 'mocha --require test/support/env --reporter tap --check-leaks test/ test/acceptance/' },
33 silly install resolved     gitHead: '193bed2649c55c1fd362e46cd4702c773f3e7434',
33 silly install resolved     bugs: { url: 'https://github.com/expressjs/express/issues' },
33 silly install resolved     homepage: 'https://github.com/expressjs/express',
33 silly install resolved     _id: 'express@4.13.4',
33 silly install resolved     _shasum: '3c0b76f3c77590c8345739061ec0bd3ba067ec24',
33 silly install resolved     _from: 'express@latest',
33 silly install resolved     _npmVersion: '1.4.28',
33 silly install resolved     _npmUser: { name: 'dougwilson', email: 'doug@somethingdoug.com' },
33 silly install resolved     maintainers: [ [Object] ],
33 silly install resolved     dist:
33 silly install resolved      { shasum: '3c0b76f3c77590c8345739061ec0bd3ba067ec24',
33 silly install resolved        size: 49631,
33 silly install resolved        noattachment: false,
33 silly install resolved        tarball: 'http://registry.npm.taobao.org/express/download/express-4.13.4.tgz' },
33 silly install resolved     directories: {},
33 silly install resolved     publish_time: 1453428921453,
33 silly install resolved     _cnpm_publish_time: 1453428921453,
33 silly install resolved     _resolved: 'https://registry.npm.taobao.org/express/download/express-4.13.4.tgz',
33 silly install resolved     readme: 'ERROR: No README data found!' } ]
34 info install express@4.13.4 into /usr/local/lib
35 info installOne express@4.13.4
36 verbose installOne of express to /usr/local/lib not in flight; installing
37 verbose lock using /Users/mac/.npm/_locks/express-59b5b7164c5e2658.lock for /usr/local/lib/node_modules/express
38 silly install write writing express 4.13.4 to /usr/local/lib/node_modules/express
39 verbose unbuild lib/node_modules/express
40 silly gentlyRm /usr/local/lib/node_modules/express is being purged from base /usr/local
41 verbose gentlyRm don't care about contents; nuking /usr/local/lib/node_modules/express
42 verbose tar unpack /Users/mac/.npm/express/4.13.4/package.tgz
43 verbose tar unpacking to /usr/local/lib/node_modules/express
44 silly gentlyRm /usr/local/lib/node_modules/express is being purged
45 verbose gentlyRm don't care about contents; nuking /usr/local/lib/node_modules/express
46 silly gunzTarPerm modes [ '755', '644' ]
47 error tar.unpack untar error /Users/mac/.npm/express/4.13.4/package.tgz
48 verbose unlock done using /Users/mac/.npm/_locks/express-59b5b7164c5e2658.lock for /usr/local/lib/node_modules/express
49 verbose fstream_path /usr/local/lib/node_modules/express
50 verbose fstream_type Directory
51 verbose fstream_class DirWriter
52 verbose stack Error: EACCES: permission denied, mkdir '/usr/local/lib/node_modules/express'
52 verbose stack     at Error (native)
53 verbose fstream_stack /usr/local/lib/node_modules/npm/node_modules/fstream/lib/dir-writer.js:35:25
53 verbose fstream_stack /usr/local/lib/node_modules/npm/node_modules/mkdirp/index.js:47:53
53 verbose fstream_stack FSReqWrap.oncomplete (fs.js:82:15)
54 verbose cwd /Users/mac/Desktop/NodeJS
55 error Darwin 14.5.0
56 error argv "/usr/local/bin/node" "/usr/local/bin/npm" "install" "-g" "express"
57 error node v4.2.6
58 error npm  v2.14.12
59 error path /usr/local/lib/node_modules/express
60 error code EACCES
61 error errno -13
62 error syscall mkdir
63 error Error: EACCES: permission denied, mkdir '/usr/local/lib/node_modules/express'
63 error     at Error (native)
63 error  { [Error: EACCES: permission denied, mkdir '/usr/local/lib/node_modules/express']
63 error   errno: -13,
63 error   code: 'EACCES',
63 error   syscall: 'mkdir',
63 error   path: '/usr/local/lib/node_modules/express',
63 error   fstream_type: 'Directory',
63 error   fstream_path: '/usr/local/lib/node_modules/express',
63 error   fstream_class: 'DirWriter',
63 error   fstream_stack:
63 error    [ '/usr/local/lib/node_modules/npm/node_modules/fstream/lib/dir-writer.js:35:25',
63 error      '/usr/local/lib/node_modules/npm/node_modules/mkdirp/index.js:47:53',
63 error      'FSReqWrap.oncomplete (fs.js:82:15)' ] }
64 error Please try running this command again as root/Administrator.
65 verbose exit [ -13, true ]
66 verbose unbuild lib/node_modules/express
67 silly gentlyRm /usr/local/lib/node_modules/express is being purged from base /usr/local
68 verbose gentlyRm don't care about contents; nuking /usr/local/lib/node_modules/express
